<?xml version="1.0" encoding="UTF-8"?>
<testng-results skipped="0" failed="0" total="1" passed="1">
  <reporter-output>
  </reporter-output>
  <suite name="Default suite" duration-ms="23615" started-at="2018-01-29T03:00:50Z" finished-at="2018-01-29T03:01:14Z">
    <groups>
      <group name="cucumber">
        <method signature="AbstractTestNGCucumberTests.feature(cucumber.api.testng.CucumberFeatureWrapper)[pri:0, instance:myRunner.TestRunner@5cb9f472]" name="feature" class="cucumber.api.testng.AbstractTestNGCucumberTests"/>
      </group> <!-- cucumber -->
    </groups>
    <test name="Default test" duration-ms="23615" started-at="2018-01-29T03:00:50Z" finished-at="2018-01-29T03:01:14Z">
      <class name="myRunner.TestRunner">
        <test-method status="PASS" signature="setUpClass()[pri:0, instance:myRunner.TestRunner@5cb9f472]" name="setUpClass" is-config="true" duration-ms="666" started-at="2018-01-29T08:30:50Z" finished-at="2018-01-29T08:30:51Z">
          <reporter-output>
          </reporter-output>
        </test-method> <!-- setUpClass -->
        <test-method status="PASS" signature="feature(cucumber.api.testng.CucumberFeatureWrapper)[pri:0, instance:myRunner.TestRunner@5cb9f472]" name="feature" duration-ms="22176" started-at="2018-01-29T08:30:51Z" description="Runs Cucumber Feature" data-provider="features" finished-at="2018-01-29T08:31:13Z">
          <params>
            <param index="0">
              <value>
                <![CDATA[Deal data creation]]>
              </value>
            </param>
          </params>
          <reporter-output>
          </reporter-output>
        </test-method> <!-- feature -->
        <test-method status="PASS" signature="tearDownClass()[pri:0, instance:myRunner.TestRunner@5cb9f472]" name="tearDownClass" is-config="true" duration-ms="555" started-at="2018-01-29T08:31:13Z" finished-at="2018-01-29T08:31:14Z">
          <reporter-output>
          </reporter-output>
        </test-method> <!-- tearDownClass -->
      </class> <!-- myRunner.TestRunner -->
    </test> <!-- Default test -->
  </suite> <!-- Default suite -->
</testng-results>
